<?xml version="1.0" encoding="UTF-8"?>
<!-- Generated by org.testng.reporters.JUnitReportReporter -->
<testsuite hostname="DESKTOP-T7GNR3C" failures="0" tests="1" name="com.androjava.proj3.Login" time="7.812" errors="0" timestamp="2023-08-29T09:45:39 PDT" skipped="0">
  <testcase classname="com.androjava.proj3.Login" name="dologin" time="7.812"/>
</testsuite> <!-- com.androjava.proj3.Login -->
