<?xml version="1.0" encoding="UTF-8"?>
<!-- Generated by org.testng.reporters.JUnitReportReporter -->
<testsuite hostname="DESKTOP-T7GNR3C" failures="0" tests="3" name="com.androjava.proj3.App" time="124.165" errors="0" timestamp="2023-08-29T09:45:39 PDT" skipped="0">
  <testcase classname="com.androjava.proj3.App" name="login" time="0.021"/>
  <testcase classname="com.androjava.proj3.App" name="dosetup" time="83.917"/>
  <testcase classname="com.androjava.proj3.App" name="openBrowser" time="40.227"/>
</testsuite> <!-- com.androjava.proj3.App -->
