<?xml version="1.0" encoding="UTF-8"?>
<testsuite xmlns:xsi="http://www.w3.org/2001/XMLSchema-instance" xsi:noNamespaceSchemaLocation="https://maven.apache.org/surefire/maven-surefire-plugin/xsd/surefire-test-report-3.0.xsd" version="3.0" name="com.androjava.proj3.AppTest" time="0.036" tests="1" errors="0" skipped="0" failures="0">
  <properties>
    <property name="java.specification.version" value="17"/>
    <property name="sun.cpu.isalist" value="amd64"/>
    <property name="sun.jnu.encoding" value="Cp1252"/>
    <property name="java.class.path" value="C:\Users\MUHAMMAD ZEESHAN\eclipse-workspace\proj3\target\test-classes;C:\Users\MUHAMMAD ZEESHAN\eclipse-workspace\proj3\target\classes;C:\Users\MUHAMMAD ZEESHAN\.m2\repository\junit\junit\3.8.1\junit-3.8.1.jar;C:\Users\MUHAMMAD ZEESHAN\.m2\repository\org\seleniumhq\selenium\selenium-java\4.1.0\selenium-java-4.1.0.jar;C:\Users\MUHAMMAD ZEESHAN\.m2\repository\org\seleniumhq\selenium\selenium-api\4.1.0\selenium-api-4.1.0.jar;C:\Users\MUHAMMAD ZEESHAN\.m2\repository\org\seleniumhq\selenium\selenium-chrome-driver\4.1.0\selenium-chrome-driver-4.1.0.jar;C:\Users\MUHAMMAD ZEESHAN\.m2\repository\com\google\auto\service\auto-service-annotations\1.0.1\auto-service-annotations-1.0.1.jar;C:\Users\MUHAMMAD ZEESHAN\.m2\repository\com\google\auto\service\auto-service\1.0.1\auto-service-1.0.1.jar;C:\Users\MUHAMMAD ZEESHAN\.m2\repository\com\google\auto\auto-common\1.2\auto-common-1.2.jar;C:\Users\MUHAMMAD ZEESHAN\.m2\repository\org\seleniumhq\selenium\selenium-chromium-driver\4.1.0\selenium-chromium-driver-4.1.0.jar;C:\Users\MUHAMMAD ZEESHAN\.m2\repository\org\seleniumhq\selenium\selenium-json\4.1.0\selenium-json-4.1.0.jar;C:\Users\MUHAMMAD ZEESHAN\.m2\repository\org\seleniumhq\selenium\selenium-devtools-v85\4.1.0\selenium-devtools-v85-4.1.0.jar;C:\Users\MUHAMMAD ZEESHAN\.m2\repository\org\seleniumhq\selenium\selenium-devtools-v94\4.1.0\selenium-devtools-v94-4.1.0.jar;C:\Users\MUHAMMAD ZEESHAN\.m2\repository\org\seleniumhq\selenium\selenium-devtools-v95\4.1.0\selenium-devtools-v95-4.1.0.jar;C:\Users\MUHAMMAD ZEESHAN\.m2\repository\org\seleniumhq\selenium\selenium-devtools-v96\4.1.0\selenium-devtools-v96-4.1.0.jar;C:\Users\MUHAMMAD ZEESHAN\.m2\repository\org\seleniumhq\selenium\selenium-edge-driver\4.1.0\selenium-edge-driver-4.1.0.jar;C:\Users\MUHAMMAD ZEESHAN\.m2\repository\org\seleniumhq\selenium\selenium-firefox-driver\4.1.0\selenium-firefox-driver-4.1.0.jar;C:\Users\MUHAMMAD ZEESHAN\.m2\repository\org\seleniumhq\selenium\selenium-firefox-xpi-driver\4.1.0\selenium-firefox-xpi-driver-4.1.0.jar;C:\Users\MUHAMMAD ZEESHAN\.m2\repository\org\seleniumhq\selenium\selenium-ie-driver\4.1.0\selenium-ie-driver-4.1.0.jar;C:\Users\MUHAMMAD ZEESHAN\.m2\repository\org\seleniumhq\selenium\selenium-opera-driver\4.1.0\selenium-opera-driver-4.1.0.jar;C:\Users\MUHAMMAD ZEESHAN\.m2\repository\org\seleniumhq\selenium\selenium-remote-driver\4.1.0\selenium-remote-driver-4.1.0.jar;C:\Users\MUHAMMAD ZEESHAN\.m2\repository\com\beust\jcommander\1.81\jcommander-1.81.jar;C:\Users\MUHAMMAD ZEESHAN\.m2\repository\io\netty\netty-buffer\4.1.69.Final\netty-buffer-4.1.69.Final.jar;C:\Users\MUHAMMAD ZEESHAN\.m2\repository\io\netty\netty-codec-http\4.1.69.Final\netty-codec-http-4.1.69.Final.jar;C:\Users\MUHAMMAD ZEESHAN\.m2\repository\io\netty\netty-codec\4.1.69.Final\netty-codec-4.1.69.Final.jar;C:\Users\MUHAMMAD ZEESHAN\.m2\repository\io\netty\netty-handler\4.1.69.Final\netty-handler-4.1.69.Final.jar;C:\Users\MUHAMMAD ZEESHAN\.m2\repository\io\netty\netty-common\4.1.69.Final\netty-common-4.1.69.Final.jar;C:\Users\MUHAMMAD ZEESHAN\.m2\repository\io\netty\netty-transport-native-epoll\4.1.69.Final\netty-transport-native-epoll-4.1.69.Final.jar;C:\Users\MUHAMMAD ZEESHAN\.m2\repository\io\netty\netty-transport-native-kqueue\4.1.69.Final\netty-transport-native-kqueue-4.1.69.Final.jar;C:\Users\MUHAMMAD ZEESHAN\.m2\repository\io\netty\netty-transport-native-unix-common\4.1.69.Final\netty-transport-native-unix-common-4.1.69.Final.jar;C:\Users\MUHAMMAD ZEESHAN\.m2\repository\io\netty\netty-transport\4.1.69.Final\netty-transport-4.1.69.Final.jar;C:\Users\MUHAMMAD ZEESHAN\.m2\repository\io\netty\netty-resolver\4.1.69.Final\netty-resolver-4.1.69.Final.jar;C:\Users\MUHAMMAD ZEESHAN\.m2\repository\io\opentelemetry\opentelemetry-api\1.9.0\opentelemetry-api-1.9.0.jar;C:\Users\MUHAMMAD ZEESHAN\.m2\repository\io\opentelemetry\opentelemetry-context\1.9.0\opentelemetry-context-1.9.0.jar;C:\Users\MUHAMMAD ZEESHAN\.m2\repository\io\opentelemetry\opentelemetry-exporter-logging\1.9.0\opentelemetry-exporter-logging-1.9.0.jar;C:\Users\MUHAMMAD ZEESHAN\.m2\repository\io\opentelemetry\opentelemetry-sdk-metrics\1.9.0-alpha\opentelemetry-sdk-metrics-1.9.0-alpha.jar;C:\Users\MUHAMMAD ZEESHAN\.m2\repository\io\opentelemetry\opentelemetry-sdk-logs\1.9.0-alpha\opentelemetry-sdk-logs-1.9.0-alpha.jar;C:\Users\MUHAMMAD ZEESHAN\.m2\repository\com\fasterxml\jackson\core\jackson-databind\2.13.0\jackson-databind-2.13.0.jar;C:\Users\MUHAMMAD ZEESHAN\.m2\repository\com\fasterxml\jackson\core\jackson-annotations\2.13.0\jackson-annotations-2.13.0.jar;C:\Users\MUHAMMAD ZEESHAN\.m2\repository\com\fasterxml\jackson\core\jackson-core\2.13.0\jackson-core-2.13.0.jar;C:\Users\MUHAMMAD ZEESHAN\.m2\repository\io\opentelemetry\opentelemetry-sdk-common\1.9.0\opentelemetry-sdk-common-1.9.0.jar;C:\Users\MUHAMMAD ZEESHAN\.m2\repository\io\opentelemetry\opentelemetry-sdk-extension-autoconfigure-spi\1.9.0\opentelemetry-sdk-extension-autoconfigure-spi-1.9.0.jar;C:\Users\MUHAMMAD ZEESHAN\.m2\repository\io\opentelemetry\opentelemetry-sdk-extension-autoconfigure\1.9.0-alpha\opentelemetry-sdk-extension-autoconfigure-1.9.0-alpha.jar;C:\Users\MUHAMMAD ZEESHAN\.m2\repository\io\opentelemetry\opentelemetry-sdk-trace\1.9.0\opentelemetry-sdk-trace-1.9.0.jar;C:\Users\MUHAMMAD ZEESHAN\.m2\repository\io\opentelemetry\opentelemetry-api-metrics\1.9.0-alpha\opentelemetry-api-metrics-1.9.0-alpha.jar;C:\Users\MUHAMMAD ZEESHAN\.m2\repository\io\opentelemetry\opentelemetry-sdk\1.9.0\opentelemetry-sdk-1.9.0.jar;C:\Users\MUHAMMAD ZEESHAN\.m2\repository\io\opentelemetry\opentelemetry-semconv\1.9.0-alpha\opentelemetry-semconv-1.9.0-alpha.jar;C:\Users\MUHAMMAD ZEESHAN\.m2\repository\io\ous\jtoml\2.0.0\jtoml-2.0.0.jar;C:\Users\MUHAMMAD ZEESHAN\.m2\repository\net\bytebuddy\byte-buddy\1.12.1\byte-buddy-1.12.1.jar;C:\Users\MUHAMMAD ZEESHAN\.m2\repository\org\apache\commons\commons-exec\1.3\commons-exec-1.3.jar;C:\Users\MUHAMMAD ZEESHAN\.m2\repository\org\asynchttpclient\async-http-client\2.12.3\async-http-client-2.12.3.jar;C:\Users\MUHAMMAD ZEESHAN\.m2\repository\org\asynchttpclient\async-http-client-netty-utils\2.12.3\async-http-client-netty-utils-2.12.3.jar;C:\Users\MUHAMMAD ZEESHAN\.m2\repository\io\netty\netty-codec-socks\4.1.60.Final\netty-codec-socks-4.1.60.Final.jar;C:\Users\MUHAMMAD ZEESHAN\.m2\repository\io\netty\netty-handler-proxy\4.1.60.Final\netty-handler-proxy-4.1.60.Final.jar;C:\Users\MUHAMMAD ZEESHAN\.m2\repository\io\netty\netty-transport-native-epoll\4.1.60.Final\netty-transport-native-epoll-4.1.60.Final-linux-x86_64.jar;C:\Users\MUHAMMAD ZEESHAN\.m2\repository\io\netty\netty-transport-native-kqueue\4.1.60.Final\netty-transport-native-kqueue-4.1.60.Final-osx-x86_64.jar;C:\Users\MUHAMMAD ZEESHAN\.m2\repository\org\reactivestreams\reactive-streams\1.0.3\reactive-streams-1.0.3.jar;C:\Users\MUHAMMAD ZEESHAN\.m2\repository\com\typesafe\netty\netty-reactive-streams\2.0.4\netty-reactive-streams-2.0.4.jar;C:\Users\MUHAMMAD ZEESHAN\.m2\repository\org\slf4j\slf4j-api\1.7.30\slf4j-api-1.7.30.jar;C:\Users\MUHAMMAD ZEESHAN\.m2\repository\com\sun\activation\jakarta.activation\1.2.2\jakarta.activation-1.2.2.jar;C:\Users\MUHAMMAD ZEESHAN\.m2\repository\org\seleniumhq\selenium\selenium-http\4.1.0\selenium-http-4.1.0.jar;C:\Users\MUHAMMAD ZEESHAN\.m2\repository\net\jodah\failsafe\2.4.4\failsafe-2.4.4.jar;C:\Users\MUHAMMAD ZEESHAN\.m2\repository\org\seleniumhq\selenium\selenium-safari-driver\4.1.0\selenium-safari-driver-4.1.0.jar;C:\Users\MUHAMMAD ZEESHAN\.m2\repository\org\seleniumhq\selenium\selenium-support\4.1.0\selenium-support-4.1.0.jar;C:\Users\MUHAMMAD ZEESHAN\.m2\repository\com\google\guava\guava\30.1-jre\guava-30.1-jre.jar;C:\Users\MUHAMMAD ZEESHAN\.m2\repository\com\google\guava\failureaccess\1.0.1\failureaccess-1.0.1.jar;C:\Users\MUHAMMAD ZEESHAN\.m2\repository\com\google\guava\listenablefuture\9999.0-empty-to-avoid-conflict-with-guava\listenablefuture-9999.0-empty-to-avoid-conflict-with-guava.jar;C:\Users\MUHAMMAD ZEESHAN\.m2\repository\com\google\code\findbugs\jsr305\3.0.2\jsr305-3.0.2.jar;C:\Users\MUHAMMAD ZEESHAN\.m2\repository\org\checkerframework\checker-qual\3.5.0\checker-qual-3.5.0.jar;C:\Users\MUHAMMAD ZEESHAN\.m2\repository\com\google\errorprone\error_prone_annotations\2.3.4\error_prone_annotations-2.3.4.jar;C:\Users\MUHAMMAD ZEESHAN\.m2\repository\com\google\j2objc\j2objc-annotations\1.3\j2objc-annotations-1.3.jar;"/>
    <property name="java.vm.vendor" value="Eclipse Adoptium"/>
    <property name="sun.arch.data.model" value="64"/>
    <property name="user.variant" value=""/>
    <property name="java.vendor.url" value="https://adoptium.net/"/>
    <property name="user.timezone" value="America/Los_Angeles"/>
    <property name="os.name" value="Windows 10"/>
    <property name="java.vm.specification.version" value="17"/>
    <property name="sun.java.launcher" value="SUN_STANDARD"/>
    <property name="user.country" value="US"/>
    <property name="sun.boot.library.path" value="C:\Users\MUHAMMAD ZEESHAN\.p2\pool\plugins\org.eclipse.justj.openjdk.hotspot.jre.full.win32.x86_64_17.0.8.v20230801-1951\jre\bin"/>
    <property name="sun.java.command" value="C:\Users\MUHAMMAD ZEESHAN\AppData\Local\Temp\surefire254959975704656340\surefirebooter-20230829004733169_3.jar C:\Users\MUHAMMAD ZEESHAN\AppData\Local\Temp\surefire254959975704656340 2023-08-29T00-47-29_870-jvmRun1 surefire-20230829004733169_1tmp surefire_0-20230829004733169_2tmp"/>
    <property name="jdk.debug" value="release"/>
    <property name="surefire.test.class.path" value="C:\Users\MUHAMMAD ZEESHAN\eclipse-workspace\proj3\target\test-classes;C:\Users\MUHAMMAD ZEESHAN\eclipse-workspace\proj3\target\classes;C:\Users\MUHAMMAD ZEESHAN\.m2\repository\junit\junit\3.8.1\junit-3.8.1.jar;C:\Users\MUHAMMAD ZEESHAN\.m2\repository\org\seleniumhq\selenium\selenium-java\4.1.0\selenium-java-4.1.0.jar;C:\Users\MUHAMMAD ZEESHAN\.m2\repository\org\seleniumhq\selenium\selenium-api\4.1.0\selenium-api-4.1.0.jar;C:\Users\MUHAMMAD ZEESHAN\.m2\repository\org\seleniumhq\selenium\selenium-chrome-driver\4.1.0\selenium-chrome-driver-4.1.0.jar;C:\Users\MUHAMMAD ZEESHAN\.m2\repository\com\google\auto\service\auto-service-annotations\1.0.1\auto-service-annotations-1.0.1.jar;C:\Users\MUHAMMAD ZEESHAN\.m2\repository\com\google\auto\service\auto-service\1.0.1\auto-service-1.0.1.jar;C:\Users\MUHAMMAD ZEESHAN\.m2\repository\com\google\auto\auto-common\1.2\auto-common-1.2.jar;C:\Users\MUHAMMAD ZEESHAN\.m2\repository\org\seleniumhq\selenium\selenium-chromium-driver\4.1.0\selenium-chromium-driver-4.1.0.jar;C:\Users\MUHAMMAD ZEESHAN\.m2\repository\org\seleniumhq\selenium\selenium-json\4.1.0\selenium-json-4.1.0.jar;C:\Users\MUHAMMAD ZEESHAN\.m2\repository\org\seleniumhq\selenium\selenium-devtools-v85\4.1.0\selenium-devtools-v85-4.1.0.jar;C:\Users\MUHAMMAD ZEESHAN\.m2\repository\org\seleniumhq\selenium\selenium-devtools-v94\4.1.0\selenium-devtools-v94-4.1.0.jar;C:\Users\MUHAMMAD ZEESHAN\.m2\repository\org\seleniumhq\selenium\selenium-devtools-v95\4.1.0\selenium-devtools-v95-4.1.0.jar;C:\Users\MUHAMMAD ZEESHAN\.m2\repository\org\seleniumhq\selenium\selenium-devtools-v96\4.1.0\selenium-devtools-v96-4.1.0.jar;C:\Users\MUHAMMAD ZEESHAN\.m2\repository\org\seleniumhq\selenium\selenium-edge-driver\4.1.0\selenium-edge-driver-4.1.0.jar;C:\Users\MUHAMMAD ZEESHAN\.m2\repository\org\seleniumhq\selenium\selenium-firefox-driver\4.1.0\selenium-firefox-driver-4.1.0.jar;C:\Users\MUHAMMAD ZEESHAN\.m2\repository\org\seleniumhq\selenium\selenium-firefox-xpi-driver\4.1.0\selenium-firefox-xpi-driver-4.1.0.jar;C:\Users\MUHAMMAD ZEESHAN\.m2\repository\org\seleniumhq\selenium\selenium-ie-driver\4.1.0\selenium-ie-driver-4.1.0.jar;C:\Users\MUHAMMAD ZEESHAN\.m2\repository\org\seleniumhq\selenium\selenium-opera-driver\4.1.0\selenium-opera-driver-4.1.0.jar;C:\Users\MUHAMMAD ZEESHAN\.m2\repository\org\seleniumhq\selenium\selenium-remote-driver\4.1.0\selenium-remote-driver-4.1.0.jar;C:\Users\MUHAMMAD ZEESHAN\.m2\repository\com\beust\jcommander\1.81\jcommander-1.81.jar;C:\Users\MUHAMMAD ZEESHAN\.m2\repository\io\netty\netty-buffer\4.1.69.Final\netty-buffer-4.1.69.Final.jar;C:\Users\MUHAMMAD ZEESHAN\.m2\repository\io\netty\netty-codec-http\4.1.69.Final\netty-codec-http-4.1.69.Final.jar;C:\Users\MUHAMMAD ZEESHAN\.m2\repository\io\netty\netty-codec\4.1.69.Final\netty-codec-4.1.69.Final.jar;C:\Users\MUHAMMAD ZEESHAN\.m2\repository\io\netty\netty-handler\4.1.69.Final\netty-handler-4.1.69.Final.jar;C:\Users\MUHAMMAD ZEESHAN\.m2\repository\io\netty\netty-common\4.1.69.Final\netty-common-4.1.69.Final.jar;C:\Users\MUHAMMAD ZEESHAN\.m2\repository\io\netty\netty-transport-native-epoll\4.1.69.Final\netty-transport-native-epoll-4.1.69.Final.jar;C:\Users\MUHAMMAD ZEESHAN\.m2\repository\io\netty\netty-transport-native-kqueue\4.1.69.Final\netty-transport-native-kqueue-4.1.69.Final.jar;C:\Users\MUHAMMAD ZEESHAN\.m2\repository\io\netty\netty-transport-native-unix-common\4.1.69.Final\netty-transport-native-unix-common-4.1.69.Final.jar;C:\Users\MUHAMMAD ZEESHAN\.m2\repository\io\netty\netty-transport\4.1.69.Final\netty-transport-4.1.69.Final.jar;C:\Users\MUHAMMAD ZEESHAN\.m2\repository\io\netty\netty-resolver\4.1.69.Final\netty-resolver-4.1.69.Final.jar;C:\Users\MUHAMMAD ZEESHAN\.m2\repository\io\opentelemetry\opentelemetry-api\1.9.0\opentelemetry-api-1.9.0.jar;C:\Users\MUHAMMAD ZEESHAN\.m2\repository\io\opentelemetry\opentelemetry-context\1.9.0\opentelemetry-context-1.9.0.jar;C:\Users\MUHAMMAD ZEESHAN\.m2\repository\io\opentelemetry\opentelemetry-exporter-logging\1.9.0\opentelemetry-exporter-logging-1.9.0.jar;C:\Users\MUHAMMAD ZEESHAN\.m2\repository\io\opentelemetry\opentelemetry-sdk-metrics\1.9.0-alpha\opentelemetry-sdk-metrics-1.9.0-alpha.jar;C:\Users\MUHAMMAD ZEESHAN\.m2\repository\io\opentelemetry\opentelemetry-sdk-logs\1.9.0-alpha\opentelemetry-sdk-logs-1.9.0-alpha.jar;C:\Users\MUHAMMAD ZEESHAN\.m2\repository\com\fasterxml\jackson\core\jackson-databind\2.13.0\jackson-databind-2.13.0.jar;C:\Users\MUHAMMAD ZEESHAN\.m2\repository\com\fasterxml\jackson\core\jackson-annotations\2.13.0\jackson-annotations-2.13.0.jar;C:\Users\MUHAMMAD ZEESHAN\.m2\repository\com\fasterxml\jackson\core\jackson-core\2.13.0\jackson-core-2.13.0.jar;C:\Users\MUHAMMAD ZEESHAN\.m2\repository\io\opentelemetry\opentelemetry-sdk-common\1.9.0\opentelemetry-sdk-common-1.9.0.jar;C:\Users\MUHAMMAD ZEESHAN\.m2\repository\io\opentelemetry\opentelemetry-sdk-extension-autoconfigure-spi\1.9.0\opentelemetry-sdk-extension-autoconfigure-spi-1.9.0.jar;C:\Users\MUHAMMAD ZEESHAN\.m2\repository\io\opentelemetry\opentelemetry-sdk-extension-autoconfigure\1.9.0-alpha\opentelemetry-sdk-extension-autoconfigure-1.9.0-alpha.jar;C:\Users\MUHAMMAD ZEESHAN\.m2\repository\io\opentelemetry\opentelemetry-sdk-trace\1.9.0\opentelemetry-sdk-trace-1.9.0.jar;C:\Users\MUHAMMAD ZEESHAN\.m2\repository\io\opentelemetry\opentelemetry-api-metrics\1.9.0-alpha\opentelemetry-api-metrics-1.9.0-alpha.jar;C:\Users\MUHAMMAD ZEESHAN\.m2\repository\io\opentelemetry\opentelemetry-sdk\1.9.0\opentelemetry-sdk-1.9.0.jar;C:\Users\MUHAMMAD ZEESHAN\.m2\repository\io\opentelemetry\opentelemetry-semconv\1.9.0-alpha\opentelemetry-semconv-1.9.0-alpha.jar;C:\Users\MUHAMMAD ZEESHAN\.m2\repository\io\ous\jtoml\2.0.0\jtoml-2.0.0.jar;C:\Users\MUHAMMAD ZEESHAN\.m2\repository\net\bytebuddy\byte-buddy\1.12.1\byte-buddy-1.12.1.jar;C:\Users\MUHAMMAD ZEESHAN\.m2\repository\org\apache\commons\commons-exec\1.3\commons-exec-1.3.jar;C:\Users\MUHAMMAD ZEESHAN\.m2\repository\org\asynchttpclient\async-http-client\2.12.3\async-http-client-2.12.3.jar;C:\Users\MUHAMMAD ZEESHAN\.m2\repository\org\asynchttpclient\async-http-client-netty-utils\2.12.3\async-http-client-netty-utils-2.12.3.jar;C:\Users\MUHAMMAD ZEESHAN\.m2\repository\io\netty\netty-codec-socks\4.1.60.Final\netty-codec-socks-4.1.60.Final.jar;C:\Users\MUHAMMAD ZEESHAN\.m2\repository\io\netty\netty-handler-proxy\4.1.60.Final\netty-handler-proxy-4.1.60.Final.jar;C:\Users\MUHAMMAD ZEESHAN\.m2\repository\io\netty\netty-transport-native-epoll\4.1.60.Final\netty-transport-native-epoll-4.1.60.Final-linux-x86_64.jar;C:\Users\MUHAMMAD ZEESHAN\.m2\repository\io\netty\netty-transport-native-kqueue\4.1.60.Final\netty-transport-native-kqueue-4.1.60.Final-osx-x86_64.jar;C:\Users\MUHAMMAD ZEESHAN\.m2\repository\org\reactivestreams\reactive-streams\1.0.3\reactive-streams-1.0.3.jar;C:\Users\MUHAMMAD ZEESHAN\.m2\repository\com\typesafe\netty\netty-reactive-streams\2.0.4\netty-reactive-streams-2.0.4.jar;C:\Users\MUHAMMAD ZEESHAN\.m2\repository\org\slf4j\slf4j-api\1.7.30\slf4j-api-1.7.30.jar;C:\Users\MUHAMMAD ZEESHAN\.m2\repository\com\sun\activation\jakarta.activation\1.2.2\jakarta.activation-1.2.2.jar;C:\Users\MUHAMMAD ZEESHAN\.m2\repository\org\seleniumhq\selenium\selenium-http\4.1.0\selenium-http-4.1.0.jar;C:\Users\MUHAMMAD ZEESHAN\.m2\repository\net\jodah\failsafe\2.4.4\failsafe-2.4.4.jar;C:\Users\MUHAMMAD ZEESHAN\.m2\repository\org\seleniumhq\selenium\selenium-safari-driver\4.1.0\selenium-safari-driver-4.1.0.jar;C:\Users\MUHAMMAD ZEESHAN\.m2\repository\org\seleniumhq\selenium\selenium-support\4.1.0\selenium-support-4.1.0.jar;C:\Users\MUHAMMAD ZEESHAN\.m2\repository\com\google\guava\guava\30.1-jre\guava-30.1-jre.jar;C:\Users\MUHAMMAD ZEESHAN\.m2\repository\com\google\guava\failureaccess\1.0.1\failureaccess-1.0.1.jar;C:\Users\MUHAMMAD ZEESHAN\.m2\repository\com\google\guava\listenablefuture\9999.0-empty-to-avoid-conflict-with-guava\listenablefuture-9999.0-empty-to-avoid-conflict-with-guava.jar;C:\Users\MUHAMMAD ZEESHAN\.m2\repository\com\google\code\findbugs\jsr305\3.0.2\jsr305-3.0.2.jar;C:\Users\MUHAMMAD ZEESHAN\.m2\repository\org\checkerframework\checker-qual\3.5.0\checker-qual-3.5.0.jar;C:\Users\MUHAMMAD ZEESHAN\.m2\repository\com\google\errorprone\error_prone_annotations\2.3.4\error_prone_annotations-2.3.4.jar;C:\Users\MUHAMMAD ZEESHAN\.m2\repository\com\google\j2objc\j2objc-annotations\1.3\j2objc-annotations-1.3.jar;"/>
    <property name="sun.cpu.endian" value="little"/>
    <property name="user.home" value="C:\Users\MUHAMMAD ZEESHAN"/>
    <property name="user.language" value="en"/>
    <property name="java.specification.vendor" value="Oracle Corporation"/>
    <property name="java.version.date" value="2023-07-18"/>
    <property name="java.home" value="C:\Users\MUHAMMAD ZEESHAN\.p2\pool\plugins\org.eclipse.justj.openjdk.hotspot.jre.full.win32.x86_64_17.0.8.v20230801-1951\jre"/>
    <property name="file.separator" value="\"/>
    <property name="style.color" value="always"/>
    <property name="basedir" value="C:\Users\MUHAMMAD ZEESHAN\eclipse-workspace\proj3"/>
    <property name="java.vm.compressedOopsMode" value="32-bit"/>
    <property name="line.separator" value="&#10;"/>
    <property name="java.vm.specification.vendor" value="Oracle Corporation"/>
    <property name="java.specification.name" value="Java Platform API Specification"/>
    <property name="surefire.real.class.path" value="C:\Users\MUHAMMAD ZEESHAN\AppData\Local\Temp\surefire254959975704656340\surefirebooter-20230829004733169_3.jar"/>
    <property name="user.script" value=""/>
    <property name="sun.management.compiler" value="HotSpot 64-Bit Tiered Compilers"/>
    <property name="java.runtime.version" value="17.0.8+7"/>
    <property name="user.name" value="MUHAMMAD ZEESHAN"/>
    <property name="path.separator" value=";"/>
    <property name="os.version" value="10.0"/>
    <property name="java.runtime.name" value="OpenJDK Runtime Environment"/>
    <property name="file.encoding" value="Cp1252"/>
    <property name="java.vm.name" value="OpenJDK 64-Bit Server VM"/>
    <property name="java.vendor.version" value="Temurin-17.0.8+7"/>
    <property name="localRepository" value="C:\Users\MUHAMMAD ZEESHAN\.m2\repository"/>
    <property name="java.vendor.url.bug" value="https://github.com/adoptium/adoptium-support/issues"/>
    <property name="java.io.tmpdir" value="C:\Users\MUHAMM~1\AppData\Local\Temp\"/>
    <property name="java.version" value="17.0.8"/>
    <property name="user.dir" value="C:\Users\MUHAMMAD ZEESHAN\eclipse-workspace\proj3"/>
    <property name="os.arch" value="amd64"/>
    <property name="java.vm.specification.name" value="Java Virtual Machine Specification"/>
    <property name="sun.os.patch.level" value=""/>
    <property name="native.encoding" value="Cp1252"/>
    <property name="java.library.path" value="C:\Users\MUHAMMAD ZEESHAN\.p2\pool\plugins\org.eclipse.justj.openjdk.hotspot.jre.full.win32.x86_64_17.0.8.v20230801-1951\jre\bin;C:\WINDOWS\Sun\Java\bin;C:\WINDOWS\system32;C:\WINDOWS;C:/Users/MUHAMMAD ZEESHAN/.p2/pool/plugins/org.eclipse.justj.openjdk.hotspot.jre.full.win32.x86_64_17.0.8.v20230801-1951/jre/bin/server;C:/Users/MUHAMMAD ZEESHAN/.p2/pool/plugins/org.eclipse.justj.openjdk.hotspot.jre.full.win32.x86_64_17.0.8.v20230801-1951/jre/bin;C:\WINDOWS\system32;C:\WINDOWS;C:\WINDOWS\System32\Wbem;C:\WINDOWS\System32\WindowsPowerShell\v1.0\;C:\Program Files\Intel\WiFi\bin\;C:\Program Files\Common Files\Intel\WirelessCommon\;C:\Program Files\nodejs\;C:\WINDOWS\System32\OpenSSH\;C:\Program Files\Intel\WiFi\bin\;C:\Program Files\Common Files\Intel\WirelessCommon\;C:\Users\MUHAMMAD ZEESHAN\AppData\Local\Programs\Microsoft VS Code\bin;C:\Users\MUHAMMAD ZEESHAN\AppData\Roaming\npm;%USERPROFILE%\AppData\Local\Microsoft\WindowsApps;;C:\Users\MUHAMMAD ZEESHAN\Desktop;;."/>
    <property name="java.vm.info" value="mixed mode"/>
    <property name="java.vendor" value="Eclipse Adoptium"/>
    <property name="java.vm.version" value="17.0.8+7"/>
    <property name="sun.io.unicode.encoding" value="UnicodeLittle"/>
    <property name="java.class.version" value="61.0"/>
  </properties>
  <testcase name="testApp" classname="com.androjava.proj3.AppTest" time="0.007"/>
</testsuite>